[debug] [2022-11-03T12:59:20.174Z] ----------------------------------------------------------------------
[debug] [2022-11-03T12:59:20.181Z] Command:       C:\Program Files\nodejs\node.exe C:\Users\Alamgir\AppData\Roaming\npm\node_modules\firebase-tools\lib\bin\firebase.js login
[debug] [2022-11-03T12:59:20.183Z] CLI Version:   11.16.0
[debug] [2022-11-03T12:59:20.183Z] Platform:      win32
[debug] [2022-11-03T12:59:20.184Z] Node Version:  v16.13.0
[debug] [2022-11-03T12:59:20.187Z] Time:          Thu Nov 03 2022 18:59:20 GMT+0600 (Bangladesh Standard Time)
[debug] [2022-11-03T12:59:20.188Z] ----------------------------------------------------------------------
[debug] 
[info] i  Firebase optionally collects CLI and Emulator Suite usage and error reporting information to help improve our products. Data is collected in accordance with Google's privacy policy (https://policies.google.com/privacy) and is not used to identify you.
 
[info] i  To change your data collection preference at any time, run `firebase logout` and log in again. 
[info] 
[info] Visit this URL on this device to log in:
[info] https://accounts.google.com/o/oauth2/auth?client_id=563584335869-fgrhgmd47bqnekij5i8b5pr03ho849e6.apps.googleusercontent.com&scope=email%20openid%20https%3A%2F%2Fwww.googleapis.com%2Fauth%2Fcloudplatformprojects.readonly%20https%3A%2F%2Fwww.googleapis.com%2Fauth%2Ffirebase%20https%3A%2F%2Fwww.googleapis.com%2Fauth%2Fcloud-platform&response_type=code&state=928712520&redirect_uri=http%3A%2F%2Flocalhost%3A9005
[info] 
[info] Waiting for authentication...
[debug] [2022-11-03T12:59:24.244Z] Error: spawn cmd ENOENT
    at Process.ChildProcess._handle.onexit (node:internal/child_process:282:19)
    at onErrorNT (node:internal/child_process:477:16)
    at processTicksAndRejections (node:internal/process/task_queues:83:21)
[error] 
[error] Error: An unexpected error has occurred.
